\BOOKMARK [0][-]{Doc-Start}{Acknowledgments}{}% 1
\BOOKMARK [0][-]{chapter*.1}{LIST OF FIGURES}{}% 2
\BOOKMARK [0][-]{chapter*.2}{LIST OF TABLES}{}% 3
\BOOKMARK [0][-]{chapter.1}{Background : Standard model}{}% 4
\BOOKMARK [1][-]{section.1.1}{Elementary particle fields}{chapter.1}% 5
\BOOKMARK [1][-]{section.1.2}{Symmetries in particle physics}{chapter.1}% 6
\BOOKMARK [1][-]{section.1.3}{Constructing the SM Lagrangian}{chapter.1}% 7
\BOOKMARK [0][-]{chapter.2}{Background : Effective field theory approach}{}% 8
\BOOKMARK [1][-]{section.2.1}{Operator product expansion \(OPE\)}{chapter.2}% 9
\BOOKMARK [1][-]{section.2.2}{Heavy quark effective theory \(HQET\)}{chapter.2}% 10
\BOOKMARK [1][-]{section.2.3}{Non-relativistic QCD}{chapter.2}% 11
\BOOKMARK [1][-]{section.2.4}{Applications}{chapter.2}% 12
\BOOKMARK [0][-]{chapter.3}{Background : The Xs decay}{}% 13
\BOOKMARK [1][-]{section.3.1}{The inclusive decay rate}{chapter.3}% 14
\BOOKMARK [1][-]{section.3.2}{The CP asymmetry}{chapter.3}% 15
\BOOKMARK [1][-]{section.3.3}{Reevaluating the resolved photon contributions}{chapter.3}% 16
\BOOKMARK [0][-]{chapter.4}{New results : On HQET and NRQCD operators of dimension 8 and above}{}% 17
\BOOKMARK [1][-]{section.4.1}{General method}{chapter.4}% 18
\BOOKMARK [1][-]{section.4.2}{Spin-independent operators upto and including dimension 8}{chapter.4}% 19
\BOOKMARK [1][-]{section.4.3}{Spin dependent matrix elements upto and including dimension 8}{chapter.4}% 20
\BOOKMARK [1][-]{section.4.4}{HQET operators}{chapter.4}% 21
\BOOKMARK [1][-]{section.4.5}{NRQED and NRQCD operators}{chapter.4}% 22
\BOOKMARK [1][-]{section.4.6}{Applications}{chapter.4}% 23
\BOOKMARK [0][-]{chapter.5}{New results : Reevaluating the uncertainties in Xs}{}% 24
\BOOKMARK [1][-]{section.5.1}{Moments of the sub-leading shape function g17}{chapter.5}% 25
\BOOKMARK [1][-]{section.5.2}{Applications}{chapter.5}% 26
\BOOKMARK [1][-]{section.5.3}{Modeling of h17}{chapter.5}% 27
\BOOKMARK [0][-]{chapter.6}{New results : Semileptonic decays of heavy mesons with artificial neural networks }{}% 28
\BOOKMARK [1][-]{section.6.1}{Artificial Neural Networks}{chapter.6}% 29
\BOOKMARK [1][-]{section.6.2}{Neural network training}{chapter.6}% 30
\BOOKMARK [1][-]{section.6.3}{Form factor parameterization with neural networks}{chapter.6}% 31
\BOOKMARK [0][-]{chapter.7}{Conclusion and future work}{}% 32
\BOOKMARK [1][-]{section.7.1}{Conclusion}{chapter.7}% 33
\BOOKMARK [1][-]{section.7.2}{Future work}{chapter.7}% 34
\BOOKMARK [0][-]{section.7.2}{Appendix A}{}% 35
\BOOKMARK [0][-]{equation.Alph0.0.6}{Appendix B}{}% 36
\BOOKMARK [0][-]{equation.Alph0.0.9}{Bibliography}{}% 37
\BOOKMARK [0][-]{appendix*.20}{Abstract}{}% 38
\BOOKMARK [0][-]{appendix*.20}{Autobiographical Statement}{}% 39
