This is pdfTeX, Version 3.14159265-2.6-1.40.21 (MiKTeX 2.9.7300 64-bit) (preloaded format=pdflatex 2020.3.5)  28 APR 2020 23:51
entering extended mode
**./title.tex
(title.tex
LaTeX2e <2020-02-02> patch level 5
L3 programming layer <2020-03-03>

! LaTeX Error: Environment titlepage undefined.

See the LaTeX manual or LaTeX Companion for explanation.
Type  H <return>  for immediate help.
 ...                                              
                                                  
l.3 \begin{titlepage}
                     
Your command was ignored.
Type  I <command> <return>  to replace it with another command,
or  <return>  to continue without it.

! Undefined control sequence.
l.5 	\singlespacing
                   
The control sequence at the end of the top line
of your error message was never \def'ed. If you have
misspelled it (e.g., `\hobx'), type `I' and the correct
spelling (e.g., `I\hbox'). Otherwise just continue,
and I'll forget about whatever was undefined.


! LaTeX Error: Missing \begin{document}.

See the LaTeX manual or LaTeX Companion for explanation.
Type  H <return>  for immediate help.
 ...                                              
                                                  
l.6 	\begin{center}
                   
You're in trouble here.  Try typing  <return>  to proceed.
If that doesn't work, type  X <return>  to quit.


Overfull \hbox (20.0pt too wide) in paragraph at lines 6--6
[] 
 []

! Undefined control sequence.
l.8 	\singlespacing
                   
The control sequence at the end of the top line
of your error message was never \def'ed. If you have
misspelled it (e.g., `\hobx'), type `I' and the correct
spelling (e.g., `I\hbox'). Otherwise just continue,
and I'll forget about whatever was undefined.


Overfull \hbox (66.49962pt too wide) in paragraph at lines 9--9
 \OT1/cmr/bx/n/10 EFFECTIVE 
 []


Overfull \hbox (34.88869pt too wide) in paragraph at lines 9--9
 \OT1/cmr/bx/n/10 FIELD 
 []


Overfull \hbox (28.38873pt too wide) in paragraph at lines 9--9
 \OT1/cmr/bx/n/10 THE- 
 []


Overfull \hbox (24.99986pt too wide) in paragraph at lines 9--9
 \OT1/cmr/bx/n/10 ORY 
 []


Overfull \hbox (26.51375pt too wide) in paragraph at lines 9--9
 \OT1/cmr/bx/n/10 AND 
 []


Overfull \hbox (23.44432pt too wide) in paragraph at lines 9--9
 \OT1/cmr/bx/n/10 MA- 
 []


Overfull \hbox (38.22202pt too wide) in paragraph at lines 9--9
 \OT1/cmr/bx/n/10 CHINE 
 []


Overfull \hbox (44.62476pt too wide) in paragraph at lines 9--9
 \OT1/cmr/bx/n/10 LEARN- 
 []


Overfull \hbox (22.40265pt too wide) in paragraph at lines 9--9
 \OT1/cmr/bx/n/10 ING 
 []


Overfull \hbox (20.38878pt too wide) in paragraph at lines 9--9
 \OT1/cmr/bx/n/10 AP- 
 []


Overfull \hbox (64.11076pt too wide) in paragraph at lines 9--9
 \OT1/cmr/bx/n/10 PROACHES 
 []


Overfull \hbox (16.6388pt too wide) in paragraph at lines 9--9
 \OT1/cmr/bx/n/10 TO 
 []


Overfull \hbox (29.77762pt too wide) in paragraph at lines 9--9
 \OT1/cmr/bx/n/10 CON- 
 []


Overfull \hbox (35.69424pt too wide) in paragraph at lines 9--9
 \OT1/cmr/bx/n/10 TROL- 
 []


Overfull \hbox (29.31927pt too wide) in paragraph at lines 9--9
 \OT1/cmr/bx/n/10 LING 
 []


Overfull \hbox (30.47206pt too wide) in paragraph at lines 9--9
 \OT1/cmr/bx/n/10 NON- 
 []


Overfull \hbox (27.87485pt too wide) in paragraph at lines 9--9
 \OT1/cmr/bx/n/10 PER- 
 []


Overfull \hbox (29.30539pt too wide) in paragraph at lines 9--9
 \OT1/cmr/bx/n/10 TUR- 
 []


Overfull \hbox (20.70822pt too wide) in paragraph at lines 9--9
 \OT1/cmr/bx/n/10 BA- 
 []


Overfull \hbox (28.61095pt too wide) in paragraph at lines 9--9
 \OT1/cmr/bx/n/10 TIVE 
 []


Overfull \hbox (21.68044pt too wide) in paragraph at lines 9--9
 \OT1/cmr/bx/n/10 UN- 
 []


Overfull \hbox (28.31929pt too wide) in paragraph at lines 9--9
 \OT1/cmr/bx/n/10 CER- 
 []


Overfull \hbox (32.93037pt too wide) in paragraph at lines 9--9
 \OT1/cmr/bx/n/10 TAIN- 
 []


Overfull \hbox (26.3054pt too wide) in paragraph at lines 9--9
 \OT1/cmr/bx/n/10 TIES 
 []


Overfull \hbox (13.36104pt too wide) in paragraph at lines 9--9
 \OT1/cmr/bx/n/10 IN 
 []


Overfull \hbox (26.6804pt too wide) in paragraph at lines 9--9
 \OT1/cmr/bx/n/10 FLA- 
 []


Overfull \hbox (25.63875pt too wide) in paragraph at lines 9--9
 \OT1/cmr/bx/n/10 VOR 
 []


Overfull \hbox (50.99973pt too wide) in paragraph at lines 9--9
 \OT1/cmr/bx/n/10 PHYSICS 
 []

! Undefined control sequence.
<recently read> \doublespacing 
                               
l.10 	\doublespacing
                    
The control sequence at the end of the top line
of your error message was never \def'ed. If you have
misspelled it (e.g., `\hobx'), type `I' and the correct
spelling (e.g., `I\hbox'). Otherwise just continue,
and I'll forget about whatever was undefined.

Missing character: There is no b in font nullfont!
Missing character: There is no y in font nullfont!

Overfull \hbox (39.37479pt too wide) in paragraph at lines 14--14
 []\OT1/cmr/bx/n/10 AYESH 
 []


Overfull \hbox (21.72209pt too wide) in paragraph at lines 14--14
 \OT1/cmr/bx/n/10 GU- 
 []


Overfull \hbox (48.1803pt too wide) in paragraph at lines 14--14
 \OT1/cmr/bx/n/10 NAWAR- 
 []


Overfull \hbox (34.8887pt too wide) in paragraph at lines 14--14
 \OT1/cmr/bx/n/10 DANA 
 []


Overfull \hbox (85.95786pt too wide) in paragraph at lines 16--16
 []\OT1/cmr/bx/n/10 DISSERTATION 
 []

Missing character: There is no S in font nullfont!
Missing character: There is no u in font nullfont!
Missing character: There is no b in font nullfont!
Missing character: There is no m in font nullfont!
Missing character: There is no i in font nullfont!
Missing character: There is no t in font nullfont!
Missing character: There is no t in font nullfont!
Missing character: There is no e in font nullfont!
Missing character: There is no d in font nullfont!
Missing character: There is no t in font nullfont!
Missing character: There is no o in font nullfont!
Missing character: There is no t in font nullfont!
Missing character: There is no h in font nullfont!
Missing character: There is no e in font nullfont!
Missing character: There is no G in font nullfont!
Missing character: There is no r in font nullfont!
Missing character: There is no a in font nullfont!
Missing character: There is no d in font nullfont!
Missing character: There is no u in font nullfont!
Missing character: There is no a in font nullfont!
Missing character: There is no t in font nullfont!
Missing character: There is no e in font nullfont!
Missing character: There is no S in font nullfont!
Missing character: There is no c in font nullfont!
Missing character: There is no h in font nullfont!
Missing character: There is no o in font nullfont!
Missing character: There is no o in font nullfont!
Missing character: There is no l in font nullfont!
Missing character: There is no o in font nullfont!
Missing character: There is no f in font nullfont!
Missing character: There is no W in font nullfont!
Missing character: There is no a in font nullfont!
Missing character: There is no y in font nullfont!
Missing character: There is no n in font nullfont!
Missing character: There is no e in font nullfont!
Missing character: There is no S in font nullfont!
Missing character: There is no t in font nullfont!
Missing character: There is no a in font nullfont!
Missing character: There is no t in font nullfont!
Missing character: There is no e in font nullfont!
Missing character: There is no U in font nullfont!
Missing character: There is no n in font nullfont!
Missing character: There is no i in font nullfont!
Missing character: There is no v in font nullfont!
Missing character: There is no e in font nullfont!
Missing character: There is no r in font nullfont!
Missing character: There is no s in font nullfont!
Missing character: There is no i in font nullfont!
Missing character: There is no t in font nullfont!
Missing character: There is no y in font nullfont!
Missing character: There is no , in font nullfont!
Missing character: There is no D in font nullfont!
Missing character: There is no e in font nullfont!
Missing character: There is no t in font nullfont!
Missing character: There is no r in font nullfont!
Missing character: There is no o in font nullfont!
Missing character: There is no i in font nullfont!
Missing character: There is no t in font nullfont!
Missing character: There is no , in font nullfont!
Missing character: There is no M in font nullfont!
Missing character: There is no i in font nullfont!
Missing character: There is no c in font nullfont!
Missing character: There is no h in font nullfont!
Missing character: There is no i in font nullfont!
Missing character: There is no g in font nullfont!
Missing character: There is no a in font nullfont!
Missing character: There is no n in font nullfont!
Missing character: There is no i in font nullfont!
Missing character: There is no n in font nullfont!
Missing character: There is no p in font nullfont!
Missing character: There is no a in font nullfont!
Missing character: There is no r in font nullfont!
Missing character: There is no t in font nullfont!
Missing character: There is no i in font nullfont!
Missing character: There is no a in font nullfont!
Missing character: There is no l in font nullfont!
Missing character: There is no f in font nullfont!
Missing character: There is no u in font nullfont!
Missing character: There is no l in font nullfont!
Missing character: There is no f in font nullfont!
Missing character: There is no i in font nullfont!
Missing character: There is no l in font nullfont!
Missing character: There is no l in font nullfont!
Missing character: There is no m in font nullfont!
Missing character: There is no e in font nullfont!
Missing character: There is no n in font nullfont!
Missing character: There is no t in font nullfont!
Missing character: There is no o in font nullfont!
Missing character: There is no f in font nullfont!
Missing character: There is no t in font nullfont!
Missing character: There is no h in font nullfont!
Missing character: There is no e in font nullfont!
Missing character: There is no r in font nullfont!
Missing character: There is no e in font nullfont!
Missing character: There is no q in font nullfont!
Missing character: There is no u in font nullfont!
Missing character: There is no i in font nullfont!
Missing character: There is no r in font nullfont!
Missing character: There is no e in font nullfont!
Missing character: There is no m in font nullfont!
Missing character: There is no e in font nullfont!
Missing character: There is no n in font nullfont!
Missing character: There is no t in font nullfont!
Missing character: There is no s in font nullfont!
Missing character: There is no f in font nullfont!
Missing character: There is no o in font nullfont!
Missing character: There is no r in font nullfont!
Missing character: There is no t in font nullfont!
Missing character: There is no h in font nullfont!
Missing character: There is no e in font nullfont!
Missing character: There is no d in font nullfont!
Missing character: There is no e in font nullfont!
Missing character: There is no g in font nullfont!
Missing character: There is no r in font nullfont!
Missing character: There is no e in font nullfont!
Missing character: There is no e in font nullfont!
Missing character: There is no o in font nullfont!
Missing character: There is no f in font nullfont!

Overfull \hbox (51.0275pt too wide) in paragraph at lines 32--32
 []\OT1/cmr/bx/n/10 DOCTOR 
 []


Overfull \hbox (15.87491pt too wide) in paragraph at lines 32--32
 \OT1/cmr/bx/n/10 OF 
 []


Overfull \hbox (25.05542pt too wide) in paragraph at lines 32--32
 \OT1/cmr/bx/n/10 PHI- 
 []


Overfull \hbox (25.77763pt too wide) in paragraph at lines 32--32
 \OT1/cmr/bx/n/10 LOS- 
 []


Overfull \hbox (12.47215pt too wide) in paragraph at lines 32--32
 \OT1/cmr/bx/n/10 O- 
 []


Overfull \hbox (25.84291pt too wide) in paragraph at lines 32--32
 \OT1/cmr/bx/n/10 PHY 
 []

Missing character: There is no 2 in font nullfont!
Missing character: There is no 0 in font nullfont!
Missing character: There is no 2 in font nullfont!
Missing character: There is no 0 in font nullfont!
! Undefined control sequence.
l.38 	\doublespacing
                    
The control sequence at the end of the top line
of your error message was never \def'ed. If you have
misspelled it (e.g., `\hobx'), type `I' and the correct
spelling (e.g., `I\hbox'). Otherwise just continue,
and I'll forget about whatever was undefined.

Missing character: There is no M in font nullfont!
Missing character: There is no A in font nullfont!
Missing character: There is no J in font nullfont!
Missing character: There is no O in font nullfont!
Missing character: There is no R in font nullfont!
Missing character: There is no : in font nullfont!
Missing character: There is no P in font nullfont!
Missing character: There is no H in font nullfont!
Missing character: There is no Y in font nullfont!
Missing character: There is no S in font nullfont!
Missing character: There is no I in font nullfont!
Missing character: There is no C in font nullfont!
Missing character: There is no S in font nullfont!

Overfull \hbox (247.53888pt too wide) in paragraph at lines 39--39
 []
 []

Missing character: There is no A in font nullfont!
Missing character: There is no p in font nullfont!
Missing character: There is no p in font nullfont!
Missing character: There is no r in font nullfont!
Missing character: There is no o in font nullfont!
Missing character: There is no v in font nullfont!
Missing character: There is no e in font nullfont!
Missing character: There is no d in font nullfont!
Missing character: There is no B in font nullfont!
Missing character: There is no y in font nullfont!
Missing character: There is no : in font nullfont!

Overfull \hbox (247.53888pt too wide) in paragraph at lines 40--40
 [][]
 []

LaTeX Font Info:    External font `cmex10' loaded for size
(Font)              <7> on input line 44.
LaTeX Font Info:    External font `cmex10' loaded for size
(Font)              <5> on input line 44.

Overfull \hbox (247.53888pt too wide) in paragraph at lines 42--44
 [][]
 []


Overfull \hbox (247.53888pt too wide) in paragraph at lines 46--46
 [][]
 []


Overfull \hbox (247.53888pt too wide) in paragraph at lines 48--48
 [][]
 []


Overfull \hbox (247.53888pt too wide) in paragraph at lines 50--50
 [][]
 []


! LaTeX Error: \begin{document} ended by \end{titlepage}.

See the LaTeX manual or LaTeX Companion for explanation.
Type  H <return>  for immediate help.
 ...                                              
                                                  
l.54 	\end{titlepage}
                     
Your command was ignored.
Type  I <command> <return>  to replace it with another command,
or  <return>  to continue without it.

)
! Emergency stop.
<*> ./title.tex
               
*** (job aborted, no legal \end found)

 
Here is how much of TeX's memory you used:
 24 strings out of 481258
 489 string characters out of 2906189
 239569 words of memory out of 3000000
 15651 multiletter control sequences out of 15000+200000
 532646 words of font info for 25 fonts, out of 3000000 for 9000
 1141 hyphenation exceptions out of 8191
 21i,10n,17p,159b,122s stack positions out of 5000i,500n,10000p,200000b,50000s
!  ==> Fatal error occurred, no output PDF file produced!
